# JRE version: Java(TM) SE Runtime Environment (8.0_05-b13) (build 1.8.0_05-b13)
# Java VM: Java HotSpot(TM) 64-Bit Server VM (25.5-b02 mixed mode windows-amd64 compressed oops)
Heap:
 def new generation   total 116544K, used 103798K [0x00000000a2400000, 0x00000000aa270000, 0x00000000c1800000)
  eden space 103616K,  91% used [0x00000000a2400000, 0x00000000a80640c0, 0x00000000a8930000)
  from space 12928K,  71% used [0x00000000a8930000, 0x00000000a92298e8, 0x00000000a95d0000)
  to   space 12928K,   0% used [0x00000000a95d0000, 0x00000000a95d0000, 0x00000000aa270000)
 tenured generation   total 258816K, used 140315K [0x00000000c1800000, 0x00000000d14c0000, 0x0000000100000000)
   the space 258816K,  54% used [0x00000000c1800000, 0x00000000ca106f00, 0x00000000ca107000, 0x00000000d14c0000)
 Metaspace       used 50958K, capacity 52278K, committed 52420K, reserved 1093632K
  class space    used 7137K, capacity 7398K, committed 7424K, reserved 1048576K
GC Heap History (10 events):
Event: 3405.832 GC heap before
{Heap before GC invocations=202 (full 2):
 def new generation   total 116544K, used 116544K [0x00000000a2400000, 0x00000000aa270000, 0x00000000c1800000)
  eden space 103616K, 100% used [0x00000000a2400000, 0x00000000a8930000, 0x00000000a8930000)
  from space 12928K, 100% used [0x00000000a95d0000, 0x00000000aa270000, 0x00000000aa270000)
  to   space 12928K,   0% used [0x00000000a8930000, 0x00000000a8930000, 0x00000000a95d0000)
 tenured generation   total 258816K, used 112521K [0x00000000c1800000, 0x00000000d14c0000, 0x0000000100000000)
   the space 258816K,  43% used [0x00000000c1800000, 0x00000000c85e2498, 0x00000000c85e2600, 0x00000000d14c0000)
 Metaspace       used 48222K, capacity 49598K, committed 49732K, reserved 1091584K
  class space    used 6707K, capacity 6978K, committed 7040K, reserved 1048576K
Event: 3405.907 GC heap after
Heap after GC invocations=203 (full 2):
 def new generation   total 116544K, used 5177K [0x00000000a2400000, 0x00000000aa270000, 0x00000000c1800000)
  eden space 103616K,   0% used [0x00000000a2400000, 0x00000000a2400000, 0x00000000a8930000)
  from space 12928K,  40% used [0x00000000a8930000, 0x00000000a8e3e650, 0x00000000a95d0000)
  to   space 12928K,   0% used [0x00000000a95d0000, 0x00000000a95d0000, 0x00000000aa270000)
 tenured generation   total 258816K, used 125385K [0x00000000c1800000, 0x00000000d14c0000, 0x0000000100000000)
   the space 258816K,  48% used [0x00000000c1800000, 0x00000000c9272798, 0x00000000c9272800, 0x00000000d14c0000)
 Metaspace       used 48222K, capacity 49598K, committed 49732K, reserved 1091584K
  class space    used 6707K, capacity 6978K, committed 7040K, reserved 1048576K
}
Event: 3734.009 GC heap before
{Heap before GC invocations=203 (full 2):
 def new generation   total 116544K, used 108793K [0x00000000a2400000, 0x00000000aa270000, 0x00000000c1800000)
  eden space 103616K, 100% used [0x00000000a2400000, 0x00000000a8930000, 0x00000000a8930000)
  from space 12928K,  40% used [0x00000000a8930000, 0x00000000a8e3e650, 0x00000000a95d0000)
  to   space 12928K,   0% used [0x00000000a95d0000, 0x00000000a95d0000, 0x00000000aa270000)
 tenured generation   total 258816K, used 125385K [0x00000000c1800000, 0x00000000d14c0000, 0x0000000100000000)
   the space 258816K,  48% used [0x00000000c1800000, 0x00000000c9272798, 0x00000000c9272800, 0x00000000d14c0000)
 Metaspace       used 48488K, capacity 49866K, committed 50116K, reserved 1091584K
  class space    used 6753K, capacity 7044K, committed 7168K, reserved 1048576K
Event: 3734.027 GC heap after
Heap after GC invocations=204 (full 2):
 def new generation   total 116544K, used 5640K [0x00000000a2400000, 0x00000000aa270000, 0x00000000c1800000)
  eden space 103616K,   0% used [0x00000000a2400000, 0x00000000a2400000, 0x00000000a8930000)
  from space 12928K,  43% used [0x00000000a95d0000, 0x00000000a9b52290, 0x00000000aa270000)
  to   space 12928K,   0% used [0x00000000a8930000, 0x00000000a8930000, 0x00000000a95d0000)
 tenured generation   total 258816K, used 125385K [0x00000000c1800000, 0x00000000d14c0000, 0x0000000100000000)
   the space 258816K,  48% used [0x00000000c1800000, 0x00000000c9272798, 0x00000000c9272800, 0x00000000d14c0000)
 Metaspace       used 48488K, capacity 49866K, committed 50116K, reserved 1091584K
  class space    used 6753K, capacity 7044K, committed 7168K, reserved 1048576K
}
Event: 3774.555 GC heap before
{Heap before GC invocations=204 (full 2):
 def new generation   total 116544K, used 109256K [0x00000000a2400000, 0x00000000aa270000, 0x00000000c1800000)
  eden space 103616K, 100% used [0x00000000a2400000, 0x00000000a8930000, 0x00000000a8930000)
  from space 12928K,  43% used [0x00000000a95d0000, 0x00000000a9b52290, 0x00000000aa270000)
  to   space 12928K,   0% used [0x00000000a8930000, 0x00000000a8930000, 0x00000000a95d0000)
 tenured generation   total 258816K, used 125385K [0x00000000c1800000, 0x00000000d14c0000, 0x0000000100000000)
   the space 258816K,  48% used [0x00000000c1800000, 0x00000000c9272798, 0x00000000c9272800, 0x00000000d14c0000)
 Metaspace       used 49034K, capacity 50416K, committed 50628K, reserved 1093632K
  class space    used 6812K, capacity 7077K, committed 7168K, reserved 1048576K
Event: 3774.577 GC heap after
Heap after GC invocations=205 (full 2):
 def new generation   total 116544K, used 8253K [0x00000000a2400000, 0x00000000aa270000, 0x00000000c1800000)
  eden space 103616K,   0% used [0x00000000a2400000, 0x00000000a2400000, 0x00000000a8930000)
  from space 12928K,  63% used [0x00000000a8930000, 0x00000000a913f768, 0x00000000a95d0000)
  to   space 12928K,   0% used [0x00000000a95d0000, 0x00000000a95d0000, 0x00000000aa270000)
 tenured generation   total 258816K, used 125385K [0x00000000c1800000, 0x00000000d14c0000, 0x0000000100000000)
   the space 258816K,  48% used [0x00000000c1800000, 0x00000000c9272798, 0x00000000c9272800, 0x00000000d14c0000)
 Metaspace       used 49034K, capacity 50416K, committed 50628K, reserved 1093632K
  class space    used 6812K, capacity 7077K, committed 7168K, reserved 1048576K
}
Event: 3811.660 GC heap before
{Heap before GC invocations=205 (full 2):
 def new generation   total 116544K, used 111869K [0x00000000a2400000, 0x00000000aa270000, 0x00000000c1800000)
  eden space 103616K, 100% used [0x00000000a2400000, 0x00000000a8930000, 0x00000000a8930000)
  from space 12928K,  63% used [0x00000000a8930000, 0x00000000a913f768, 0x00000000a95d0000)
  to   space 12928K,   0% used [0x00000000a95d0000, 0x00000000a95d0000, 0x00000000aa270000)
 tenured generation   total 258816K, used 125385K [0x00000000c1800000, 0x00000000d14c0000, 0x0000000100000000)
   the space 258816K,  48% used [0x00000000c1800000, 0x00000000c9272798, 0x00000000c9272800, 0x00000000d14c0000)
 Metaspace       used 50514K, capacity 51894K, committed 52164K, reserved 1093632K
  class space    used 7098K, capacity 7398K, committed 7424K, reserved 1048576K
Event: 3811.715 GC heap after
Heap after GC invocations=206 (full 2):
 def new generation   total 116544K, used 12927K [0x00000000a2400000, 0x00000000aa270000, 0x00000000c1800000)
  eden space 103616K,   0% used [0x00000000a2400000, 0x00000000a2400000, 0x00000000a8930000)
  from space 12928K,  99% used [0x00000000a95d0000, 0x00000000aa26fff8, 0x00000000aa270000)
  to   space 12928K,   0% used [0x00000000a8930000, 0x00000000a8930000, 0x00000000a95d0000)
 tenured generation   total 258816K, used 128529K [0x00000000c1800000, 0x00000000d14c0000, 0x0000000100000000)
   the space 258816K,  49% used [0x00000000c1800000, 0x00000000c95847a0, 0x00000000c9584800, 0x00000000d14c0000)
 Metaspace       used 50514K, capacity 51894K, committed 52164K, reserved 1093632K
  class space    used 7098K, capacity 7398K, committed 7424K, reserved 1048576K
}
Event: 3963.503 GC heap before
{Heap before GC invocations=206 (full 2):
 def new generation   total 116544K, used 116543K [0x00000000a2400000, 0x00000000aa270000, 0x00000000c1800000)
  eden space 103616K, 100% used [0x00000000a2400000, 0x00000000a8930000, 0x00000000a8930000)
  from space 12928K,  99% used [0x00000000a95d0000, 0x00000000aa26fff8, 0x00000000aa270000)
  to   space 12928K,   0% used [0x00000000a8930000, 0x00000000a8930000, 0x00000000a95d0000)
 tenured generation   total 258816K, used 128529K [0x00000000c1800000, 0x00000000d14c0000, 0x0000000100000000)
   the space 258816K,  49% used [0x00000000c1800000, 0x00000000c95847a0, 0x00000000c9584800, 0x00000000d14c0000)
 Metaspace       used 50870K, capacity 52214K, committed 52420K, reserved 1093632K
  class space    used 7132K, capacity 7398K, committed 7424K, reserved 1048576K
Event: 3963.567 GC heap after
Heap after GC invocations=207 (full 2):
 def new generation   total 116544K, used 9190K [0x00000000a2400000, 0x00000000aa270000, 0x00000000c1800000)
  eden space 103616K,   0% used [0x00000000a2400000, 0x00000000a2400000, 0x00000000a8930000)
  from space 12928K,  71% used [0x00000000a8930000, 0x00000000a92298e8, 0x00000000a95d0000)
  to   space 12928K,   0% used [0x00000000a95d0000, 0x00000000a95d0000, 0x00000000aa270000)
 tenured generation   total 258816K, used 140315K [0x00000000c1800000, 0x00000000d14c0000, 0x0000000100000000)
   the space 258816K,  54% used [0x00000000c1800000, 0x00000000ca106f00, 0x00000000ca107000, 0x00000000d14c0000)
 Metaspace       used 50870K, capacity 52214K, committed 52420K, reserved 1093632K
  class space    used 7132K, capacity 7398K, committed 7424K, reserved 1048576K
}

